<?xml version="1.0" encoding="UTF-8"?>
<!-- Generated by org.testng.reporters.JUnitXMLReporter -->
<testsuite ignored="0" hostname="MKG-JAGGU" failures="1" tests="1" name="Test2" time="12.151" errors="0" timestamp="2020-04-27T03:50:33 IST">
  <testcase classname="satz.textvalidation" name="checktitle" time="0.333">
    <failure type="java.lang.AssertionError" message="expected [true] but found [false]">
      <![CDATA[java.lang.AssertionError: expected [true] but found [false]
at satz.textvalidation.checktitle(textvalidation.java:24)
at java.base/java.util.ArrayList.forEach(ArrayList.java:1510)
... Removed 31 stack frames]]>
    </failure>
  </testcase> <!-- checktitle -->
</testsuite> <!-- Test2 -->
