<?xml version="1.0" encoding="UTF-8"?>
<testng-results ignored="0" total="4" passed="4" failed="0" skipped="0">
  <reporter-output>
  </reporter-output>
  <suite started-at="2020-04-28T18:09:24 IST" name="Suite" finished-at="2020-04-28T18:11:41 IST" duration-ms="136748">
    <groups>
    </groups>
    <test started-at="2020-04-28T18:09:24 IST" name="Test1" finished-at="2020-04-28T18:11:09 IST" duration-ms="104314">
      <class name="satz.test">
        <test-method signature="pagenavigation(java.lang.String, java.lang.String)[pri:0, instance:satz.test@6138e79a]" started-at="2020-04-28T18:09:25 IST" name="pagenavigation" data-provider="getdata" finished-at="2020-04-28T18:10:34 IST" duration-ms="69716" status="PASS">
          <params>
            <param index="0">
              <value>
                <![CDATA[kjbhkhjb@khkhbg.com]]>
              </value>
            </param>
            <param index="1">
              <value>
                <![CDATA[234]]>
              </value>
            </param>
          </params>
          <reporter-output>
          </reporter-output>
        </test-method> <!-- pagenavigation -->
        <test-method signature="pagenavigation(java.lang.String, java.lang.String)[pri:0, instance:satz.test@6138e79a]" started-at="2020-04-28T18:10:34 IST" name="pagenavigation" data-provider="getdata" finished-at="2020-04-28T18:11:09 IST" duration-ms="34484" status="PASS">
          <params>
            <param index="0">
              <value>
                <![CDATA[dc@khkhbg.com]]>
              </value>
            </param>
            <param index="1">
              <value>
                <![CDATA[22]]>
              </value>
            </param>
          </params>
          <reporter-output>
          </reporter-output>
        </test-method> <!-- pagenavigation -->
        <test-method is-config="true" signature="closing()[pri:0, instance:satz.test@6138e79a]" started-at="2020-04-28T18:11:09 IST" name="closing" finished-at="2020-04-28T18:11:09 IST" duration-ms="6" status="PASS">
          <reporter-output>
          </reporter-output>
        </test-method> <!-- closing -->
      </class> <!-- satz.test -->
    </test> <!-- Test1 -->
    <test started-at="2020-04-28T18:11:09 IST" name="Test2" finished-at="2020-04-28T18:11:26 IST" duration-ms="16501">
      <class name="satz.textvalidation">
        <test-method is-config="true" signature="initialization()[pri:0, instance:satz.textvalidation@525575]" started-at="2020-04-28T18:11:09 IST" name="initialization" finished-at="2020-04-28T18:11:21 IST" duration-ms="11728" status="PASS">
          <reporter-output>
          </reporter-output>
        </test-method> <!-- initialization -->
        <test-method signature="checktitle()[pri:0, instance:satz.textvalidation@525575]" started-at="2020-04-28T18:11:21 IST" name="checktitle" finished-at="2020-04-28T18:11:22 IST" duration-ms="540" status="PASS">
          <reporter-output>
          </reporter-output>
        </test-method> <!-- checktitle -->
        <test-method is-config="true" signature="closing()[pri:0, instance:satz.textvalidation@525575]" started-at="2020-04-28T18:11:22 IST" name="closing" finished-at="2020-04-28T18:11:26 IST" duration-ms="4230" status="PASS">
          <reporter-output>
          </reporter-output>
        </test-method> <!-- closing -->
      </class> <!-- satz.textvalidation -->
    </test> <!-- Test2 -->
    <test started-at="2020-04-28T18:11:26 IST" name="Test3" finished-at="2020-04-28T18:11:41 IST" duration-ms="15245">
      <class name="satz.navigationbar">
        <test-method is-config="true" signature="initialization()[pri:0, instance:satz.navigationbar@4748a0f9]" started-at="2020-04-28T18:11:26 IST" name="initialization" finished-at="2020-04-28T18:11:38 IST" duration-ms="12064" status="PASS">
          <reporter-output>
          </reporter-output>
        </test-method> <!-- initialization -->
        <test-method signature="checknavigationbar()[pri:0, instance:satz.navigationbar@4748a0f9]" started-at="2020-04-28T18:11:38 IST" name="checknavigationbar" finished-at="2020-04-28T18:11:39 IST" duration-ms="1093" status="PASS">
          <reporter-output>
          </reporter-output>
        </test-method> <!-- checknavigationbar -->
        <test-method is-config="true" signature="closing()[pri:0, instance:satz.navigationbar@4748a0f9]" started-at="2020-04-28T18:11:39 IST" name="closing" finished-at="2020-04-28T18:11:41 IST" duration-ms="2086" status="PASS">
          <reporter-output>
          </reporter-output>
        </test-method> <!-- closing -->
      </class> <!-- satz.navigationbar -->
    </test> <!-- Test3 -->
  </suite> <!-- Suite -->
</testng-results>
