<?xml version="1.0" encoding="UTF-8"?>
<testng-results ignored="0" total="1" passed="1" failed="0" skipped="0">
  <reporter-output>
  </reporter-output>
  <suite started-at="2020-04-28T17:10:06 IST" name="Default suite" finished-at="2020-04-28T17:10:42 IST" duration-ms="35439">
    <groups>
    </groups>
    <test started-at="2020-04-28T17:10:06 IST" name="Default test" finished-at="2020-04-28T17:10:42 IST" duration-ms="35439">
      <class name="satz.navigationbar">
        <test-method is-config="true" signature="initialization()[pri:0, instance:satz.navigationbar@2cb2fc20]" started-at="2020-04-28T17:10:06 IST" name="initialization" finished-at="2020-04-28T17:10:37 IST" duration-ms="30262" status="PASS">
          <reporter-output>
          </reporter-output>
        </test-method> <!-- initialization -->
        <test-method signature="checknavigationbar()[pri:0, instance:satz.navigationbar@2cb2fc20]" started-at="2020-04-28T17:10:37 IST" name="checknavigationbar" finished-at="2020-04-28T17:10:39 IST" duration-ms="2164" status="PASS">
          <reporter-output>
          </reporter-output>
        </test-method> <!-- checknavigationbar -->
        <test-method is-config="true" signature="closing()[pri:0, instance:satz.navigationbar@2cb2fc20]" started-at="2020-04-28T17:10:39 IST" name="closing" finished-at="2020-04-28T17:10:42 IST" duration-ms="2516" status="PASS">
          <reporter-output>
          </reporter-output>
        </test-method> <!-- closing -->
      </class> <!-- satz.navigationbar -->
    </test> <!-- Default test -->
  </suite> <!-- Default suite -->
</testng-results>
